# JRE version: Java(TM) SE Runtime Environment (8.0_111-b14) (build 1.8.0_111-b14)
# Java VM: Java HotSpot(TM) 64-Bit Server VM (25.111-b14 mixed mode windows-amd64 compressed oops)
Heap:
 PSYoungGen      total 114176K, used 4810K [0x00000000d5580000, 0x00000000de500000, 0x0000000100000000)
  eden space 99328K, 4% used [0x00000000d5580000,0x00000000d5a32be8,0x00000000db680000)
  from space 14848K, 0% used [0x00000000dcb80000,0x00000000dcb80000,0x00000000dda00000)
  to   space 21504K, 0% used [0x00000000db680000,0x00000000db680000,0x00000000dcb80000)
 ParOldGen       total 107008K, used 52119K [0x0000000080000000, 0x0000000086880000, 0x00000000d5580000)
  object space 107008K, 48% used [0x0000000080000000,0x00000000832e5d68,0x0000000086880000)
 Metaspace       used 57677K, capacity 59276K, committed 59520K, reserved 1099776K
  class space    used 7890K, capacity 8273K, committed 8320K, reserved 1048576K
GC Heap History (10 events):
Event: 51.856 GC heap before
{Heap before GC invocations=17 (full 2):
 PSYoungGen      total 76800K, used 74439K [0x00000000d5580000, 0x00000000dac00000, 0x0000000100000000)
  eden space 67584K, 100% used [0x00000000d5580000,0x00000000d9780000,0x00000000d9780000)
  from space 9216K, 74% used [0x00000000da100000,0x00000000da7b1d80,0x00000000daa00000)
  to   space 9728K, 0% used [0x00000000d9780000,0x00000000d9780000,0x00000000da100000)
 ParOldGen       total 56832K, used 17135K [0x0000000080000000, 0x0000000083780000, 0x00000000d5580000)
  object space 56832K, 30% used [0x0000000080000000,0x00000000810bbdc8,0x0000000083780000)
 Metaspace       used 43015K, capacity 44090K, committed 44160K, reserved 1087488K
  class space    used 5965K, capacity 6225K, committed 6272K, reserved 1048576K
Event: 51.872 GC heap after
Heap after GC invocations=17 (full 2):
 PSYoungGen      total 77312K, used 9719K [0x00000000d5580000, 0x00000000dbd80000, 0x0000000100000000)
  eden space 67584K, 0% used [0x00000000d5580000,0x00000000d5580000,0x00000000d9780000)
  from space 9728K, 99% used [0x00000000d9780000,0x00000000da0fdc78,0x00000000da100000)
  to   space 10752K, 0% used [0x00000000db300000,0x00000000db300000,0x00000000dbd80000)
 ParOldGen       total 56832K, used 17401K [0x0000000080000000, 0x0000000083780000, 0x00000000d5580000)
  object space 56832K, 30% used [0x0000000080000000,0x00000000810fe500,0x0000000083780000)
 Metaspace       used 43015K, capacity 44090K, committed 44160K, reserved 1087488K
  class space    used 5965K, capacity 6225K, committed 6272K, reserved 1048576K
}
Event: 54.828 GC heap before
{Heap before GC invocations=18 (full 2):
 PSYoungGen      total 77312K, used 77303K [0x00000000d5580000, 0x00000000dbd80000, 0x0000000100000000)
  eden space 67584K, 100% used [0x00000000d5580000,0x00000000d9780000,0x00000000d9780000)
  from space 9728K, 99% used [0x00000000d9780000,0x00000000da0fdc78,0x00000000da100000)
  to   space 10752K, 0% used [0x00000000db300000,0x00000000db300000,0x00000000dbd80000)
 ParOldGen       total 56832K, used 17401K [0x0000000080000000, 0x0000000083780000, 0x00000000d5580000)
  object space 56832K, 30% used [0x0000000080000000,0x00000000810fe500,0x0000000083780000)
 Metaspace       used 46251K, capacity 47460K, committed 47744K, reserved 1089536K
  class space    used 6434K, capacity 6723K, committed 6784K, reserved 1048576K
Event: 54.851 GC heap after
Heap after GC invocations=18 (full 2):
 PSYoungGen      total 95232K, used 8787K [0x00000000d5580000, 0x00000000dbf80000, 0x0000000100000000)
  eden space 84480K, 0% used [0x00000000d5580000,0x00000000d5580000,0x00000000da800000)
  from space 10752K, 81% used [0x00000000db300000,0x00000000dbb94c10,0x00000000dbd80000)
  to   space 11264K, 0% used [0x00000000da800000,0x00000000da800000,0x00000000db300000)
 ParOldGen       total 56832K, used 22465K [0x0000000080000000, 0x0000000083780000, 0x00000000d5580000)
  object space 56832K, 39% used [0x0000000080000000,0x00000000815f0738,0x0000000083780000)
 Metaspace       used 46251K, capacity 47460K, committed 47744K, reserved 1089536K
  class space    used 6434K, capacity 6723K, committed 6784K, reserved 1048576K
}
Event: 56.873 GC heap before
{Heap before GC invocations=19 (full 2):
 PSYoungGen      total 95232K, used 93267K [0x00000000d5580000, 0x00000000dbf80000, 0x0000000100000000)
  eden space 84480K, 100% used [0x00000000d5580000,0x00000000da800000,0x00000000da800000)
  from space 10752K, 81% used [0x00000000db300000,0x00000000dbb94c10,0x00000000dbd80000)
  to   space 11264K, 0% used [0x00000000da800000,0x00000000da800000,0x00000000db300000)
 ParOldGen       total 56832K, used 22465K [0x0000000080000000, 0x0000000083780000, 0x00000000d5580000)
  object space 56832K, 39% used [0x0000000080000000,0x00000000815f0738,0x0000000083780000)
 Metaspace       used 49791K, capacity 51254K, committed 51328K, reserved 1093632K
  class space    used 6942K, capacity 7280K, committed 7296K, reserved 1048576K
Event: 56.948 GC heap after
Heap after GC invocations=19 (full 2):
 PSYoungGen      total 95744K, used 11232K [0x00000000d5580000, 0x00000000dda00000, 0x0000000100000000)
  eden space 84480K, 0% used [0x00000000d5580000,0x00000000d5580000,0x00000000da800000)
  from space 11264K, 99% used [0x00000000da800000,0x00000000db2f8028,0x00000000db300000)
  to   space 14848K, 0% used [0x00000000dcb80000,0x00000000dcb80000,0x00000000dda00000)
 ParOldGen       total 56832K, used 27977K [0x0000000080000000, 0x0000000083780000, 0x00000000d5580000)
  object space 56832K, 49% used [0x0000000080000000,0x0000000081b52438,0x0000000083780000)
 Metaspace       used 49791K, capacity 51254K, committed 51328K, reserved 1093632K
  class space    used 6942K, capacity 7280K, committed 7296K, reserved 1048576K
}
Event: 85.809 GC heap before
{Heap before GC invocations=20 (full 2):
 PSYoungGen      total 95744K, used 88383K [0x00000000d5580000, 0x00000000dda00000, 0x0000000100000000)
  eden space 84480K, 91% used [0x00000000d5580000,0x00000000da0d7e30,0x00000000da800000)
  from space 11264K, 99% used [0x00000000da800000,0x00000000db2f8028,0x00000000db300000)
  to   space 14848K, 0% used [0x00000000dcb80000,0x00000000dcb80000,0x00000000dda00000)
 ParOldGen       total 56832K, used 27977K [0x0000000080000000, 0x0000000083780000, 0x00000000d5580000)
  object space 56832K, 49% used [0x0000000080000000,0x0000000081b52438,0x0000000083780000)
 Metaspace       used 57358K, capacity 58930K, committed 59096K, reserved 1099776K
  class space    used 7875K, capacity 8242K, committed 8320K, reserved 1048576K
Event: 85.855 GC heap after
Heap after GC invocations=20 (full 2):
 PSYoungGen      total 114176K, used 14825K [0x00000000d5580000, 0x00000000de500000, 0x0000000100000000)
  eden space 99328K, 0% used [0x00000000d5580000,0x00000000d5580000,0x00000000db680000)
  from space 14848K, 99% used [0x00000000dcb80000,0x00000000dd9fa798,0x00000000dda00000)
  to   space 21504K, 0% used [0x00000000db680000,0x00000000db680000,0x00000000dcb80000)
 ParOldGen       total 56832K, used 39675K [0x0000000080000000, 0x0000000083780000, 0x00000000d5580000)
  object space 56832K, 69% used [0x0000000080000000,0x00000000826bee88,0x0000000083780000)
 Metaspace       used 57358K, capacity 58930K, committed 59096K, reserved 1099776K
  class space    used 7875K, capacity 8242K, committed 8320K, reserved 1048576K
}
Event: 85.855 GC heap before
{Heap before GC invocations=21 (full 3):
 PSYoungGen      total 114176K, used 14825K [0x00000000d5580000, 0x00000000de500000, 0x0000000100000000)
  eden space 99328K, 0% used [0x00000000d5580000,0x00000000d5580000,0x00000000db680000)
  from space 14848K, 99% used [0x00000000dcb80000,0x00000000dd9fa798,0x00000000dda00000)
  to   space 21504K, 0% used [0x00000000db680000,0x00000000db680000,0x00000000dcb80000)
 ParOldGen       total 56832K, used 39675K [0x0000000080000000, 0x0000000083780000, 0x00000000d5580000)
  object space 56832K, 69% used [0x0000000080000000,0x00000000826bee88,0x0000000083780000)
 Metaspace       used 57358K, capacity 58930K, committed 59096K, reserved 1099776K
  class space    used 7875K, capacity 8242K, committed 8320K, reserved 1048576K
Event: 86.348 GC heap after
Heap after GC invocations=21 (full 3):
 PSYoungGen      total 114176K, used 0K [0x00000000d5580000, 0x00000000de500000, 0x0000000100000000)
  eden space 99328K, 0% used [0x00000000d5580000,0x00000000d5580000,0x00000000db680000)
  from space 14848K, 0% used [0x00000000dcb80000,0x00000000dcb80000,0x00000000dda00000)
  to   space 21504K, 0% used [0x00000000db680000,0x00000000db680000,0x00000000dcb80000)
 ParOldGen       total 107008K, used 52119K [0x0000000080000000, 0x0000000086880000, 0x00000000d5580000)
  object space 107008K, 48% used [0x0000000080000000,0x00000000832e5d68,0x0000000086880000)
 Metaspace       used 57357K, capacity 58924K, committed 59096K, reserved 1099776K
  class space    used 7874K, capacity 8241K, committed 8320K, reserved 1048576K
}

